// 重构日志: 6f34fd52
// 同步 ID: ea263dc6 @ Fri Jul  3 01:57:15 UTC 2026
// 重构日志: 3de7bdd2
// 重构日志: 71e62b7c
// 同步 ID: c7c76a54 @ Sat Jul  4 08:56:12 UTC 2026
// 同步 ID: fda94948 @ Sat Jul  4 10:53:29 UTC 2026
// 同步 ID: a99f4022 @ Sat Jul  4 15:48:44 UTC 2026
// 重构日志: 514baa00
// 重构日志: 719dc476
// 同步 ID: 93460576 @ Sun Jul  5 16:01:54 UTC 2026
// 重构日志: 2d89b54d
// 同步 ID: 20a74eb5 @ Mon Jul  6 18:15:04 UTC 2026
// 重构日志: deebfe87
// 重构日志: a1ae257b
// 重构日志: d4c63e48
// 重构日志: e005579c
// 同步 ID: 942ab36e @ Wed Jul  8 17:42:08 UTC 2026
// 重构日志: 337dd02f
// 重构日志: 243b95cb
// 同步 ID: c378dc80 @ Fri Jul 10 17:05:01 UTC 2026
// 重构日志: 1555465e
// 同步 ID: 70b603a6 @ Sat Jul 11 07:53:37 UTC 2026
// 重构日志: 37be5027
// 重构日志: 600aede2
// 同步 ID: cfefadda @ Sun Jul 12 10:08:06 UTC 2026
// 重构日志: 0e21759a
// 重构日志: cf69b0bf
// 同步 ID: ec452b0a @ Tue Jul 14 16:17:53 UTC 2026
// 重构日志: 085cf9d6
// 同步 ID: 3e690007 @ Thu Jul 16 05:21:57 UTC 2026
// 重构日志: ed4830fe
// 重构日志: 3d79a0b5
